Determining if the pthread_create exist failed with the following output:
Change Dir: /home/icey/Desktop/project/Relocalization/build/CMakeFiles/CMakeTmp

Run Build Command:"/usr/bin/make" "cmTC_601e7/fast"
/usr/bin/make -f CMakeFiles/cmTC_601e7.dir/build.make CMakeFiles/cmTC_601e7.dir/build
make[1]: Entering directory '/home/icey/Desktop/project/Relocalization/build/CMakeFiles/CMakeTmp'
Building C object CMakeFiles/cmTC_601e7.dir/CheckSymbolExists.c.o
/usr/bin/cc     -o CMakeFiles/cmTC_601e7.dir/CheckSymbolExists.c.o   -c /home/icey/Desktop/project/Relocalization/build/CMakeFiles/CMakeTmp/CheckSymbolExists.c
Linking C executable cmTC_601e7
/usr/bin/cmake -E cmake_link_script CMakeFiles/cmTC_601e7.dir/link.txt --verbose=1
/usr/bin/cc       CMakeFiles/cmTC_601e7.dir/CheckSymbolExists.c.o  -o cmTC_601e7 
CMakeFiles/cmTC_601e7.dir/CheckSymbolExists.c.o: In function `main':
CheckSymbolExists.c:(.text+0x16): undefined reference to `pthread_create'
collect2: error: ld returned 1 exit status
CMakeFiles/cmTC_601e7.dir/build.make:97: recipe for target 'cmTC_601e7' failed
make[1]: *** [cmTC_601e7] Error 1
make[1]: Leaving directory '/home/icey/Desktop/project/Relocalization/build/CMakeFiles/CMakeTmp'
Makefile:126: recipe for target 'cmTC_601e7/fast' failed
make: *** [cmTC_601e7/fast] Error 2

File /home/icey/Desktop/project/Relocalization/build/CMakeFiles/CMakeTmp/CheckSymbolExists.c:
/* */
#include <pthread.h>

int main(int argc, char** argv)
{
  (void)argv;
#ifndef pthread_create
  return ((int*)(&pthread_create))[argc];
#else
  (void)argc;
  return 0;
#endif
}

Determining if the function pthread_create exists in the pthreads failed with the following output:
Change Dir: /home/icey/Desktop/project/Relocalization/build/CMakeFiles/CMakeTmp

Run Build Command:"/usr/bin/make" "cmTC_567fe/fast"
/usr/bin/make -f CMakeFiles/cmTC_567fe.dir/build.make CMakeFiles/cmTC_567fe.dir/build
make[1]: Entering directory '/home/icey/Desktop/project/Relocalization/build/CMakeFiles/CMakeTmp'
Building C object CMakeFiles/cmTC_567fe.dir/CheckFunctionExists.c.o
/usr/bin/cc    -DCHECK_FUNCTION_EXISTS=pthread_create   -o CMakeFiles/cmTC_567fe.dir/CheckFunctionExists.c.o   -c /usr/share/cmake-3.5/Modules/CheckFunctionExists.c
Linking C executable cmTC_567fe
/usr/bin/cmake -E cmake_link_script CMakeFiles/cmTC_567fe.dir/link.txt --verbose=1
/usr/bin/cc   -DCHECK_FUNCTION_EXISTS=pthread_create    CMakeFiles/cmTC_567fe.dir/CheckFunctionExists.c.o  -o cmTC_567fe -lpthreads 
/usr/bin/ld: cannot find -lpthreads
collect2: error: ld returned 1 exit status
CMakeFiles/cmTC_567fe.dir/build.make:97: recipe for target 'cmTC_567fe' failed
make[1]: *** [cmTC_567fe] Error 1
make[1]: Leaving directory '/home/icey/Desktop/project/Relocalization/build/CMakeFiles/CMakeTmp'
Makefile:126: recipe for target 'cmTC_567fe/fast' failed
make: *** [cmTC_567fe/fast] Error 2


